<?xml version="1.0" encoding="UTF-8"?>
<!-- Generated by org.testng.reporters.JUnitReportReporter -->
<testsuite hostname="DESKTOP-BRESEO5" failures="0" tests="1" name="interviewQuestion1.GoogleSearchCounting" time="10.851" errors="0" timestamp="11 Dec 2019 22:07:57 GMT" skipped="0">
  <testcase classname="interviewQuestion1.GoogleSearchCounting" name="GoogleSearch" time="10.851"/>
</testsuite> <!-- interviewQuestion1.GoogleSearchCounting -->
